INFO [2021-11-01 08:37:00] $x
INFO [2021-11-01 08:37:00] list(set1, set2, set3)
INFO [2021-11-01 08:37:00] 
INFO [2021-11-01 08:37:00] $category.names
INFO [2021-11-01 08:37:00] c("Set 1", "Set 2 ", "Set 3")
INFO [2021-11-01 08:37:00] 
INFO [2021-11-01 08:37:00] $alpha
INFO [2021-11-01 08:37:00] c(0.5, 0.5, 0.5)
INFO [2021-11-01 08:37:00] 
INFO [2021-11-01 08:37:00] $filename
INFO [2021-11-01 08:37:00] NULL
INFO [2021-11-01 08:37:00] 
INFO [2021-11-01 08:37:00] $lwd
INFO [2021-11-01 08:37:00] [1] 2
INFO [2021-11-01 08:37:00] 
INFO [2021-11-01 08:37:00] $lty
INFO [2021-11-01 08:37:00] [1] "blank"
INFO [2021-11-01 08:37:00] 
INFO [2021-11-01 08:37:00] $fill
INFO [2021-11-01 08:37:00] myCol
INFO [2021-11-01 08:37:00] 
INFO [2021-11-01 08:37:00] $cex
INFO [2021-11-01 08:37:00] [1] 0.6
INFO [2021-11-01 08:37:00] 
INFO [2021-11-01 08:37:00] $fontface
INFO [2021-11-01 08:37:00] [1] "bold"
INFO [2021-11-01 08:37:00] 
INFO [2021-11-01 08:37:00] $fontfamily
INFO [2021-11-01 08:37:00] [1] "sans"
INFO [2021-11-01 08:37:00] 
INFO [2021-11-01 08:37:00] $cat.cex
INFO [2021-11-01 08:37:00] [1] 1.2
INFO [2021-11-01 08:37:00] 
INFO [2021-11-01 08:37:00] $cat.fontface
INFO [2021-11-01 08:37:00] [1] "bold"
INFO [2021-11-01 08:37:00] 
INFO [2021-11-01 08:37:00] $cat.default.pos
INFO [2021-11-01 08:37:00] [1] "outer"
INFO [2021-11-01 08:37:00] 
INFO [2021-11-01 08:37:00] $cat.fontfamily
INFO [2021-11-01 08:37:00] [1] "sans"
INFO [2021-11-01 08:37:00] 
INFO [2021-11-01 08:37:00] $rotation
INFO [2021-11-01 08:37:00] [1] 1
INFO [2021-11-01 08:37:00] 
