INFO [2021-10-31 19:50:51] $x
INFO [2021-10-31 19:50:51] list(set1, set2, set3)
INFO [2021-10-31 19:50:51] 
INFO [2021-10-31 19:50:51] $category.names
INFO [2021-10-31 19:50:51] c("Set 1", "Set 2 ", "Set 3")
INFO [2021-10-31 19:50:51] 
INFO [2021-10-31 19:50:51] $alpha
INFO [2021-10-31 19:50:51] c(0.5, 0.5, 0.5)
INFO [2021-10-31 19:50:51] 
INFO [2021-10-31 19:50:51] $filename
INFO [2021-10-31 19:50:51] NULL
INFO [2021-10-31 19:50:51] 
INFO [2021-10-31 19:50:51] $lwd
INFO [2021-10-31 19:50:51] [1] 2
INFO [2021-10-31 19:50:51] 
INFO [2021-10-31 19:50:51] $lty
INFO [2021-10-31 19:50:51] [1] "blank"
INFO [2021-10-31 19:50:51] 
INFO [2021-10-31 19:50:51] $fill
INFO [2021-10-31 19:50:51] myCol
INFO [2021-10-31 19:50:51] 
INFO [2021-10-31 19:50:51] $cex
INFO [2021-10-31 19:50:51] [1] 0.6
INFO [2021-10-31 19:50:51] 
INFO [2021-10-31 19:50:51] $fontface
INFO [2021-10-31 19:50:51] [1] "bold"
INFO [2021-10-31 19:50:51] 
INFO [2021-10-31 19:50:51] $fontfamily
INFO [2021-10-31 19:50:51] [1] "sans"
INFO [2021-10-31 19:50:51] 
INFO [2021-10-31 19:50:51] $cat.cex
INFO [2021-10-31 19:50:51] [1] 1.2
INFO [2021-10-31 19:50:51] 
INFO [2021-10-31 19:50:51] $cat.fontface
INFO [2021-10-31 19:50:51] [1] "bold"
INFO [2021-10-31 19:50:51] 
INFO [2021-10-31 19:50:51] $cat.default.pos
INFO [2021-10-31 19:50:51] [1] "outer"
INFO [2021-10-31 19:50:51] 
INFO [2021-10-31 19:50:51] $cat.fontfamily
INFO [2021-10-31 19:50:51] [1] "sans"
INFO [2021-10-31 19:50:51] 
INFO [2021-10-31 19:50:51] $rotation
INFO [2021-10-31 19:50:51] [1] 1
INFO [2021-10-31 19:50:51] 
