INFO [2021-11-01 08:36:59] [[1]]
INFO [2021-11-01 08:36:59] vectors
INFO [2021-11-01 08:36:59] 
INFO [2021-11-01 08:36:59] $fill
INFO [2021-11-01 08:36:59] fill
INFO [2021-11-01 08:36:59] 
INFO [2021-11-01 08:36:59] $alpha
INFO [2021-11-01 08:36:59] alpha
INFO [2021-11-01 08:36:59] 
INFO [2021-11-01 08:36:59] $cat.pos
INFO [2021-11-01 08:36:59] cat.pos
INFO [2021-11-01 08:36:59] 
INFO [2021-11-01 08:36:59] $cat.fontface
INFO [2021-11-01 08:36:59] [1] "bold"
INFO [2021-11-01 08:36:59] 
INFO [2021-11-01 08:36:59] $cat.cex
INFO [2021-11-01 08:36:59] cat.cex
INFO [2021-11-01 08:36:59] 
INFO [2021-11-01 08:36:59] $cex
INFO [2021-11-01 08:36:59] cex
INFO [2021-11-01 08:36:59] 
INFO [2021-11-01 08:36:59] $filename
INFO [2021-11-01 08:36:59] NULL
INFO [2021-11-01 08:36:59] 
INFO [2021-11-01 08:36:59] $x
INFO [2021-11-01 08:36:59] list(set1, set2, set3)
INFO [2021-11-01 08:36:59] 
INFO [2021-11-01 08:36:59] $category.names
INFO [2021-11-01 08:36:59] c("Set 1", "Set 2 ", "Set 3")
INFO [2021-11-01 08:36:59] 
INFO [2021-11-01 08:36:59] $fill
INFO [2021-11-01 08:36:59] c("orange", "blue", "pink")
INFO [2021-11-01 08:36:59] 
INFO [2021-11-01 08:36:59] $alpha
INFO [2021-11-01 08:36:59] c(0.5, 0.5, 0.5)
INFO [2021-11-01 08:36:59] 
INFO [2021-11-01 08:36:59] $cat.cex
INFO [2021-11-01 08:36:59] [1] 1.5
INFO [2021-11-01 08:36:59] 
INFO [2021-11-01 08:36:59] $cex
INFO [2021-11-01 08:36:59] [1] 1.5
INFO [2021-11-01 08:36:59] 
INFO [2021-11-01 08:36:59] $filename
INFO [2021-11-01 08:36:59] NULL
INFO [2021-11-01 08:36:59] 
