INFO [2021-10-31 19:50:50] [[1]]
INFO [2021-10-31 19:50:50] vectors
INFO [2021-10-31 19:50:50] 
INFO [2021-10-31 19:50:50] $fill
INFO [2021-10-31 19:50:50] fill
INFO [2021-10-31 19:50:50] 
INFO [2021-10-31 19:50:50] $alpha
INFO [2021-10-31 19:50:50] alpha
INFO [2021-10-31 19:50:50] 
INFO [2021-10-31 19:50:50] $cat.pos
INFO [2021-10-31 19:50:50] cat.pos
INFO [2021-10-31 19:50:50] 
INFO [2021-10-31 19:50:50] $cat.fontface
INFO [2021-10-31 19:50:50] [1] "bold"
INFO [2021-10-31 19:50:50] 
INFO [2021-10-31 19:50:50] $cat.cex
INFO [2021-10-31 19:50:50] cat.cex
INFO [2021-10-31 19:50:50] 
INFO [2021-10-31 19:50:50] $cex
INFO [2021-10-31 19:50:50] cex
INFO [2021-10-31 19:50:50] 
INFO [2021-10-31 19:50:50] $filename
INFO [2021-10-31 19:50:50] NULL
INFO [2021-10-31 19:50:50] 
INFO [2021-10-31 19:50:50] $x
INFO [2021-10-31 19:50:50] list(set1, set2, set3)
INFO [2021-10-31 19:50:50] 
INFO [2021-10-31 19:50:50] $category.names
INFO [2021-10-31 19:50:50] c("Set 1", "Set 2 ", "Set 3")
INFO [2021-10-31 19:50:50] 
INFO [2021-10-31 19:50:50] $fill
INFO [2021-10-31 19:50:50] c("orange", "blue", "pink")
INFO [2021-10-31 19:50:50] 
INFO [2021-10-31 19:50:50] $alpha
INFO [2021-10-31 19:50:50] c(0.5, 0.5, 0.5)
INFO [2021-10-31 19:50:50] 
INFO [2021-10-31 19:50:50] $cat.cex
INFO [2021-10-31 19:50:50] [1] 1.5
INFO [2021-10-31 19:50:50] 
INFO [2021-10-31 19:50:50] $cex
INFO [2021-10-31 19:50:50] [1] 1.5
INFO [2021-10-31 19:50:50] 
INFO [2021-10-31 19:50:50] $filename
INFO [2021-10-31 19:50:50] NULL
INFO [2021-10-31 19:50:50] 
